This file contains any messages produced by compilers while
running configure, to aid debugging if configure makes a mistake.

It was created by reaver configure 1.4, which was
generated by GNU Autoconf 2.65.  Invocation command line was

  $ ./configure 

## --------- ##
## Platform. ##
## --------- ##

hostname = hsf-N56VB
uname -m = x86_64
uname -r = 5.8.0-50-generic
uname -s = Linux
uname -v = #56~20.04.1-Ubuntu SMP Mon Apr 12 21:46:35 UTC 2021

/usr/bin/uname -p = x86_64
/bin/uname -X     = unknown

/bin/arch              = x86_64
/usr/bin/arch -k       = unknown
/usr/convex/getsysinfo = unknown
/usr/bin/hostinfo      = unknown
/bin/machine           = unknown
/usr/bin/oslevel       = unknown
/bin/universe          = unknown

PATH: /usr/local/sbin
PATH: /usr/local/bin
PATH: /usr/sbin
PATH: /usr/bin
PATH: /sbin
PATH: /bin
PATH: /snap/bin


## ----------- ##
## Core tests. ##
## ----------- ##

configure:2029: checking for gcc
configure:2045: found /usr/bin/gcc
configure:2056: result: gcc
configure:2285: checking for C compiler version
configure:2294: gcc --version >&5
gcc (Ubuntu 9.3.0-17ubuntu1~20.04) 9.3.0
Copyright (C) 2019 Free Software Foundation, Inc.
This is free software; see the source for copying conditions.  There is NO
warranty; not even for MERCHANTABILITY or FITNESS FOR A PARTICULAR PURPOSE.

configure:2305: $? = 0
configure:2294: gcc -v >&5
Using built-in specs.
COLLECT_GCC=gcc
COLLECT_LTO_WRAPPER=/usr/lib/gcc/x86_64-linux-gnu/9/lto-wrapper
OFFLOAD_TARGET_NAMES=nvptx-none:hsa
OFFLOAD_TARGET_DEFAULT=1
Target: x86_64-linux-gnu
Configured with: ../src/configure -v --with-pkgversion='Ubuntu 9.3.0-17ubuntu1~20.04' --with-bugurl=file:///usr/share/doc/gcc-9/README.Bugs --enable-languages=c,ada,c++,go,brig,d,fortran,objc,obj-c++,gm2 --prefix=/usr --with-gcc-major-version-only --program-suffix=-9 --program-prefix=x86_64-linux-gnu- --enable-shared --enable-linker-build-id --libexecdir=/usr/lib --without-included-gettext --enable-threads=posix --libdir=/usr/lib --enable-nls --enable-clocale=gnu --enable-libstdcxx-debug --enable-libstdcxx-time=yes --with-default-libstdcxx-abi=new --enable-gnu-unique-object --disable-vtable-verify --enable-plugin --enable-default-pie --with-system-zlib --with-target-system-zlib=auto --enable-objc-gc=auto --enable-multiarch --disable-werror --with-arch-32=i686 --with-abi=m64 --with-multilib-list=m32,m64,mx32 --enable-multilib --with-tune=generic --enable-offload-targets=nvptx-none=/build/gcc-9-HskZEa/gcc-9-9.3.0/debian/tmp-nvptx/usr,hsa --without-cuda-driver --enable-checking=release --build=x86_64-linux-gnu --host=x86_64-linux-gnu --target=x86_64-linux-gnu
Thread model: posix
gcc version 9.3.0 (Ubuntu 9.3.0-17ubuntu1~20.04) 
configure:2305: $? = 0
configure:2294: gcc -V >&5
gcc: error: unrecognized command line option '-V'
gcc: fatal error: no input files
compilation terminated.
configure:2305: $? = 1
configure:2294: gcc -qversion >&5
gcc: error: unrecognized command line option '-qversion'; did you mean '--version'?
gcc: fatal error: no input files
compilation terminated.
configure:2305: $? = 1
configure:2325: checking whether the C compiler works
configure:2347: gcc    conftest.c  >&5
configure:2351: $? = 0
configure:2400: result: yes
configure:2403: checking for C compiler default output file name
configure:2405: result: a.out
configure:2411: checking for suffix of executables
configure:2418: gcc -o conftest    conftest.c  >&5
configure:2422: $? = 0
configure:2444: result: 
configure:2466: checking whether we are cross compiling
configure:2474: gcc -o conftest    conftest.c  >&5
configure:2478: $? = 0
configure:2485: ./conftest
configure:2489: $? = 0
configure:2477: result: no
configure:2482: checking for suffix of object files
configure:2504: gcc -c   conftest.c >&5
configure:2508: $? = 0
configure:2529: result: o
configure:2533: checking whether we are using the GNU C compiler
configure:2552: gcc -c   conftest.c >&5
configure:2552: $? = 0
configure:2561: result: yes
configure:2570: checking whether gcc accepts -g
configure:2590: gcc -c -g  conftest.c >&5
configure:2590: $? = 0
configure:2631: result: yes
configure:2648: checking for gcc option to accept ISO C89
configure:2712: gcc  -c -g -O2  conftest.c >&5
configure:2712: $? = 0
configure:2725: result: none needed
configure:2756: checking for pcap_open_live in -lpcap
configure:2781: gcc -o conftest -Wall -g -O2  -ldl -lm -lpcap -lsqlite3  conftest.c -lpcap   >&5
configure:2781: $? = 0
configure:2790: result: yes
configure:2803: checking for sqlite3_open in -lsqlite3
configure:2828: gcc -o conftest -Wall -g -O2  -ldl -lm -lpcap -lsqlite3  conftest.c -lsqlite3  -lpcap  >&5
configure:2828: $? = 0
configure:2837: result: yes
configure:2855: checking how to run the C preprocessor
configure:2886: gcc -E  conftest.c
configure:2886: $? = 0
configure:2900: gcc -E  conftest.c
conftest.c:11:10: fatal error: ac_nonexistent.h: No such file or directory
   11 | #include <ac_nonexistent.h>
      |          ^~~~~~~~~~~~~~~~~~
compilation terminated.
configure:2900: $? = 1
configure: failed program was:
| /* confdefs.h */
| #define PACKAGE_NAME "reaver"
| #define PACKAGE_TARNAME "reaver"
| #define PACKAGE_VERSION "1.4"
| #define PACKAGE_STRING "reaver 1.4"
| #define PACKAGE_BUGREPORT ""
| #define PACKAGE_URL ""
| #define HAVE_LIBPCAP 1
| #define HAVE_LIBSQLITE3 1
| /* end confdefs.h.  */
| #include <ac_nonexistent.h>
configure:2925: result: gcc -E
configure:2945: gcc -E  conftest.c
configure:2945: $? = 0
configure:2959: gcc -E  conftest.c
conftest.c:11:10: fatal error: ac_nonexistent.h: No such file or directory
   11 | #include <ac_nonexistent.h>
      |          ^~~~~~~~~~~~~~~~~~
compilation terminated.
configure:2959: $? = 1
configure: failed program was:
| /* confdefs.h */
| #define PACKAGE_NAME "reaver"
| #define PACKAGE_TARNAME "reaver"
| #define PACKAGE_VERSION "1.4"
| #define PACKAGE_STRING "reaver 1.4"
| #define PACKAGE_BUGREPORT ""
| #define PACKAGE_URL ""
| #define HAVE_LIBPCAP 1
| #define HAVE_LIBSQLITE3 1
| /* end confdefs.h.  */
| #include <ac_nonexistent.h>
configure:2988: checking for grep that handles long lines and -e
configure:3046: result: /usr/bin/grep
configure:3051: checking for egrep
configure:3113: result: /usr/bin/grep -E
configure:3118: checking for ANSI C header files
configure:3138: gcc -c -Wall -g -O2  conftest.c >&5
configure:3138: $? = 0
configure:3211: gcc -o conftest -Wall -g -O2  -ldl -lm -lpcap -lsqlite3  conftest.c -lsqlite3 -lpcap  >&5
configure:3211: $? = 0
configure:3211: ./conftest
configure:3211: $? = 0
configure:3222: result: yes
configure:3235: checking for sys/types.h
configure:3235: gcc -c -Wall -g -O2  conftest.c >&5
configure:3235: $? = 0
configure:3235: result: yes
configure:3235: checking for sys/stat.h
configure:3235: gcc -c -Wall -g -O2  conftest.c >&5
configure:3235: $? = 0
configure:3235: result: yes
configure:3235: checking for stdlib.h
configure:3235: gcc -c -Wall -g -O2  conftest.c >&5
configure:3235: $? = 0
configure:3235: result: yes
configure:3235: checking for string.h
configure:3235: gcc -c -Wall -g -O2  conftest.c >&5
configure:3235: $? = 0
configure:3235: result: yes
configure:3235: checking for memory.h
configure:3235: gcc -c -Wall -g -O2  conftest.c >&5
configure:3235: $? = 0
configure:3235: result: yes
configure:3235: checking for strings.h
configure:3235: gcc -c -Wall -g -O2  conftest.c >&5
configure:3235: $? = 0
configure:3235: result: yes
configure:3235: checking for inttypes.h
configure:3235: gcc -c -Wall -g -O2  conftest.c >&5
configure:3235: $? = 0
configure:3235: result: yes
configure:3235: checking for stdint.h
configure:3235: gcc -c -Wall -g -O2  conftest.c >&5
configure:3235: $? = 0
configure:3235: result: yes
configure:3235: checking for unistd.h
configure:3235: gcc -c -Wall -g -O2  conftest.c >&5
configure:3235: $? = 0
configure:3235: result: yes
configure:3251: checking for stdlib.h
configure:3251: result: yes
configure:3251: checking for stdint.h
configure:3251: result: yes
configure:3251: checking for string.h
configure:3251: result: yes
configure:3266: checking pcap.h usability
configure:3266: gcc -c -Wall -g -O2  conftest.c >&5
configure:3266: $? = 0
configure:3266: result: yes
configure:3266: checking pcap.h presence
configure:3266: gcc -E  conftest.c
configure:3266: $? = 0
configure:3266: result: yes
configure:3266: checking for pcap.h
configure:3266: result: yes
configure:3280: checking sqlite3.h usability
configure:3280: gcc -c -Wall -g -O2  conftest.c >&5
configure:3280: $? = 0
configure:3280: result: yes
configure:3280: checking sqlite3.h presence
configure:3280: gcc -E  conftest.c
configure:3280: $? = 0
configure:3280: result: yes
configure:3280: checking for sqlite3.h
configure:3280: result: yes
configure:3429: creating ./config.status

## ---------------------- ##
## Running config.status. ##
## ---------------------- ##

This file was extended by reaver config.status 1.4, which was
generated by GNU Autoconf 2.65.  Invocation command line was

  CONFIG_FILES    = 
  CONFIG_HEADERS  = 
  CONFIG_LINKS    = 
  CONFIG_COMMANDS = 
  $ ./config.status 

on hsf-N56VB

config.status:724: creating Makefile

## ---------------- ##
## Cache variables. ##
## ---------------- ##

ac_cv_c_compiler_gnu=yes
ac_cv_env_CC_set=
ac_cv_env_CC_value=
ac_cv_env_CFLAGS_set=
ac_cv_env_CFLAGS_value=
ac_cv_env_CPPFLAGS_set=
ac_cv_env_CPPFLAGS_value=
ac_cv_env_CPP_set=
ac_cv_env_CPP_value=
ac_cv_env_LDFLAGS_set=
ac_cv_env_LDFLAGS_value=
ac_cv_env_LIBS_set=
ac_cv_env_LIBS_value=
ac_cv_env_build_alias_set=
ac_cv_env_build_alias_value=
ac_cv_env_host_alias_set=
ac_cv_env_host_alias_value=
ac_cv_env_target_alias_set=
ac_cv_env_target_alias_value=
ac_cv_header_inttypes_h=yes
ac_cv_header_memory_h=yes
ac_cv_header_pcap_h=yes
ac_cv_header_sqlite3_h=yes
ac_cv_header_stdc=yes
ac_cv_header_stdint_h=yes
ac_cv_header_stdlib_h=yes
ac_cv_header_string_h=yes
ac_cv_header_strings_h=yes
ac_cv_header_sys_stat_h=yes
ac_cv_header_sys_types_h=yes
ac_cv_header_unistd_h=yes
ac_cv_lib_pcap_pcap_open_live=yes
ac_cv_lib_sqlite3_sqlite3_open=yes
ac_cv_objext=o
ac_cv_path_EGREP='/usr/bin/grep -E'
ac_cv_path_GREP=/usr/bin/grep
ac_cv_prog_CPP='gcc -E'
ac_cv_prog_ac_ct_CC=gcc
ac_cv_prog_cc_c89=
ac_cv_prog_cc_g=yes

## ----------------- ##
## Output variables. ##
## ----------------- ##

CC='gcc'
CFLAGS='-Wall -g -O2'
CPP='gcc -E'
CPPFLAGS=''
DEFS='-DPACKAGE_NAME=\"reaver\" -DPACKAGE_TARNAME=\"reaver\" -DPACKAGE_VERSION=\"1.4\" -DPACKAGE_STRING=\"reaver\ 1.4\" -DPACKAGE_BUGREPORT=\"\" -DPACKAGE_URL=\"\" -DHAVE_LIBPCAP=1 -DHAVE_LIBSQLITE3=1 -DSTDC_HEADERS=1 -DHAVE_SYS_TYPES_H=1 -DHAVE_SYS_STAT_H=1 -DHAVE_STDLIB_H=1 -DHAVE_STRING_H=1 -DHAVE_MEMORY_H=1 -DHAVE_STRINGS_H=1 -DHAVE_INTTYPES_H=1 -DHAVE_STDINT_H=1 -DHAVE_UNISTD_H=1 -DHAVE_STDLIB_H=1 -DHAVE_STDINT_H=1 -DHAVE_STRING_H=1 -DHAVE_PCAP_H=1 -DHAVE_SQLITE3_H=1'
ECHO_C=''
ECHO_N='-n'
ECHO_T=''
EGREP='/usr/bin/grep -E'
EXEEXT=''
GREP='/usr/bin/grep'
LDFLAGS='-ldl -lm -lpcap -lsqlite3 '
LIBOBJS=''
LIBS='-lsqlite3 -lpcap '
LTLIBOBJS=''
OBJEXT='o'
PACKAGE_BUGREPORT=''
PACKAGE_NAME='reaver'
PACKAGE_STRING='reaver 1.4'
PACKAGE_TARNAME='reaver'
PACKAGE_URL=''
PACKAGE_VERSION='1.4'
PATH_SEPARATOR=':'
SHELL='/bin/bash'
ac_ct_CC='gcc'
bindir='${exec_prefix}/bin'
build_alias=''
datadir='${datarootdir}'
datarootdir='${prefix}/share'
docdir='${datarootdir}/doc/${PACKAGE_TARNAME}'
dvidir='${docdir}'
exec_prefix='${prefix}'
host_alias=''
htmldir='${docdir}'
includedir='${prefix}/include'
infodir='${datarootdir}/info'
libdir='${exec_prefix}/lib'
libexecdir='${exec_prefix}/libexec'
localedir='${datarootdir}/locale'
localstatedir='${prefix}/var'
mandir='${datarootdir}/man'
oldincludedir='/usr/include'
pdfdir='${docdir}'
prefix='/usr/local'
program_transform_name='s,x,x,'
psdir='${docdir}'
sbindir='${exec_prefix}/sbin'
sharedstatedir='${prefix}/com'
sysconfdir='${prefix}/etc'
target='reaver'
target_alias=''

## ----------- ##
## confdefs.h. ##
## ----------- ##

/* confdefs.h */
#define PACKAGE_NAME "reaver"
#define PACKAGE_TARNAME "reaver"
#define PACKAGE_VERSION "1.4"
#define PACKAGE_STRING "reaver 1.4"
#define PACKAGE_BUGREPORT ""
#define PACKAGE_URL ""
#define HAVE_LIBPCAP 1
#define HAVE_LIBSQLITE3 1
#define STDC_HEADERS 1
#define HAVE_SYS_TYPES_H 1
#define HAVE_SYS_STAT_H 1
#define HAVE_STDLIB_H 1
#define HAVE_STRING_H 1
#define HAVE_MEMORY_H 1
#define HAVE_STRINGS_H 1
#define HAVE_INTTYPES_H 1
#define HAVE_STDINT_H 1
#define HAVE_UNISTD_H 1
#define HAVE_STDLIB_H 1
#define HAVE_STDINT_H 1
#define HAVE_STRING_H 1
#define HAVE_PCAP_H 1
#define HAVE_SQLITE3_H 1

configure: exit 0
